c:\users\320112313\source\repos\moderncpp\debug\vc142.pdb
c:\users\320112313\source\repos\moderncpp\debug\vc142.idb
c:\users\320112313\source\repos\moderncpp\debug\moderncpp.obj
c:\users\320112313\source\repos\moderncpp\debug\getlineexample.obj
c:\users\320112313\source\repos\moderncpp\debug\uniforminitialization.obj
c:\users\320112313\source\repos\moderncpp\debug\constandcompoundtypes.obj
c:\users\320112313\source\repos\moderncpp\debug\autotype.obj
c:\users\320112313\source\repos\moderncpp\debug\rangebasedforloop.obj
c:\users\320112313\source\repos\moderncpp\debug\func.obj
c:\users\320112313\source\repos\moderncpp\debug\functionoverloading.obj
c:\users\320112313\source\repos\moderncpp\debug\inlinefunction.obj
c:\users\320112313\source\repos\moderncpp\debug\functionpointers.obj
c:\users\320112313\source\repos\moderncpp\debug\dma-p1.obj
c:\users\320112313\source\repos\moderncpp\debug\dma-p4.obj
c:\users\320112313\source\repos\moderncpp\debug\thispointer.obj
c:\users\320112313\source\repos\moderncpp\debug\car.obj
c:\users\320112313\source\repos\moderncpp\debug\integermain.obj
c:\users\320112313\source\repos\moderncpp\debug\integer.obj
c:\users\320112313\source\repos\moderncpp\debug\carmain.obj
c:\users\320112313\source\repos\moderncpp\debug\deletedefault.obj
c:\users\320112313\source\repos\moderncpp\debug\movesemantic.obj
c:\users\320112313\source\repos\moderncpp\debug\oprtroverlding-p3.obj
c:\users\320112313\source\repos\moderncpp\debug\smartpointers-p1.obj
c:\users\320112313\source\repos\moderncpp\debug\typecasting-p1.obj
c:\users\320112313\source\repos\moderncpp\debug\typecasting-p2.obj
c:\users\320112313\source\repos\moderncpp\debug\init_vs_assignment.obj
c:\users\320112313\source\repos\moderncpp\debug\uniqueptr.obj
c:\users\320112313\source\repos\moderncpp\debug\sharedptr.obj
c:\users\320112313\source\repos\moderncpp\debug\weakpointer.obj
c:\users\320112313\source\repos\moderncpp\debug\circularref.obj
c:\users\320112313\source\repos\moderncpp\debug\deleter.obj
c:\users\320112313\source\repos\moderncpp\debug\oprtroverlding-p1.obj
c:\users\320112313\source\repos\moderncpp\debug\dma-p1.obj.enc
c:\users\320112313\source\repos\moderncpp\debug\uniforminitialization.obj.enc
c:\users\320112313\source\repos\moderncpp\debug\moderncpp.ilk
c:\users\320112313\source\repos\moderncpp\debug\moderncpp.pdb
c:\users\320112313\source\repos\moderncpp\debug\moderncpp.exe
c:\users\320112313\source\repos\moderncpp\debug\moderncpp.tlog\cl.command.1.tlog
c:\users\320112313\source\repos\moderncpp\debug\moderncpp.tlog\cl.read.1.tlog
c:\users\320112313\source\repos\moderncpp\debug\moderncpp.tlog\cl.write.1.tlog
c:\users\320112313\source\repos\moderncpp\debug\moderncpp.tlog\link.command.1.tlog
c:\users\320112313\source\repos\moderncpp\debug\moderncpp.tlog\link.read.1.tlog
c:\users\320112313\source\repos\moderncpp\debug\moderncpp.tlog\link.write.1.tlog
